<?xml version="1.0" encoding="UTF-8"?>
<!-- Generated by org.testng.reporters.JUnitReportReporter -->
<testsuite hostname="RLE1187" failures="0" tests="1" name="Runner.Fbrunner" time="21.136" errors="0" timestamp="2023-02-06T11:34:01 IST" skipped="0">
  <testcase classname="Runner.Fbrunner" name="feature" time="21.136"/>
  <system-out/>
</testsuite> <!-- Runner.Fbrunner -->
