<?xml version="1.0" encoding="UTF-8"?>
<!-- Generated by org.testng.reporters.JUnitReportReporter -->
<testsuite hostname="RLE1187" failures="0" tests="1" name="Runner.Fbrunner" time="44.976" errors="0" timestamp="2022-11-17T12:26:50 IST" skipped="0">
  <testcase classname="Runner.Fbrunner" name="feature" time="44.976"/>
  <system-out/>
</testsuite> <!-- Runner.Fbrunner -->
